<?xml version="1.0" encoding="UTF-8"?>
<testng-results ignored="0" total="1" passed="1" failed="0" skipped="0">
  <reporter-output>
  </reporter-output>
  <suite started-at="2024-01-06T18:10:58 EET" name="Default Suite" finished-at="2024-01-06T18:11:00 EET" duration-ms="1771">
    <groups>
    </groups>
    <test started-at="2024-01-06T18:10:58 EET" name="SecRestAssuredProject" finished-at="2024-01-06T18:11:00 EET" duration-ms="1771">
      <class name="stepByStepRestAssured.APITests">
        <test-method signature="test1()[pri:0, instance:stepByStepRestAssured.APITests@4034c28c]" started-at="2024-01-06T18:10:58 EET" name="test1" finished-at="2024-01-06T18:11:00 EET" duration-ms="1735" status="PASS">
          <reporter-output>
          </reporter-output>
        </test-method> <!-- test1 -->
      </class> <!-- stepByStepRestAssured.APITests -->
    </test> <!-- SecRestAssuredProject -->
  </suite> <!-- Default Suite -->
</testng-results>
